g:\programas mu\muservers\season 10\source x10\source\dataserver\vc140.pdb
g:\programas mu\muservers\muemu season12\source\dataserver\vc140.pdb
g:\programas mu\muservers\muemu season12\source\dataserver\tserverinfodisplayer.obj
g:\programas mu\muservers\muemu season12\source\dataserver\tlog.obj
g:\programas mu\muservers\muemu season12\source\dataserver\sprotocol.obj
g:\programas mu\muservers\muemu season12\source\dataserver\serverengine.obj
g:\programas mu\muservers\muemu season12\source\dataserver\query.obj
g:\programas mu\muservers\muemu season12\source\dataserver\md5_hash.obj
g:\programas mu\muservers\muemu season12\source\dataserver\md5.obj
g:\programas mu\muservers\muemu season12\source\dataserver\mapservermanager.obj
g:\programas mu\muservers\muemu season12\source\dataserver\logtofile.obj
g:\programas mu\muservers\muemu season12\source\dataserver\itemserial.obj
g:\programas mu\muservers\muemu season12\source\dataserver\giocp.obj
g:\programas mu\muservers\muemu season12\source\dataserver\fprotocol.obj
g:\programas mu\muservers\muemu season12\source\dataserver\edsprotocol.obj
g:\programas mu\muservers\muemu season12\source\dataserver\edataserver.obj
g:\programas mu\muservers\muemu season12\source\dataserver\dsprotocol.obj
g:\programas mu\muservers\muemu season12\source\dataserver\delayhandler.obj
g:\programas mu\muservers\muemu season12\source\dataserver\databaseinstaller.obj
g:\programas mu\muservers\muemu season12\source\dataserver\crashdump.obj
g:\programas mu\muservers\muemu season12\source\dataserver\cqueue.obj
g:\programas mu\muservers\muemu season12\source\dataserver\wzudp.obj
g:\programas mu\muservers\muemu season12\source\dataserver\winutil.obj
g:\programas mu\muservers\muemu season12\source\dataserver\pugixml.obj
g:\programas mu\muservers\muemu season12\source\dataserver\dataserver.pch
g:\programas mu\muservers\muemu season12\source\dataserver\stdafx.obj
g:\programas mu\muservers\season 10\source x10\ejecutables\dataserver.exe
g:\programas mu\muservers\season 10\source x10\source\dataserver\dataserver.map
g:\programas mu\muservers\season 10\source x10\source\dataserver\dataserver.pdb
g:\programas mu\muservers\muemu season12\dataserver.exe
g:\programas mu\muservers\muemu season12\source\dataserver\dataserver.map
g:\programas mu\muservers\muemu season12\source\dataserver\dataserver.pdb
g:\programas mu\muservers\muemu season12\source\dataserver\edataserver.res
g:\programas mu\muservers\muemu season12\source\dataserver\dataserver_s12.tlog\cl.command.1.tlog
g:\programas mu\muservers\muemu season12\source\dataserver\dataserver_s12.tlog\cl.read.1.tlog
g:\programas mu\muservers\muemu season12\source\dataserver\dataserver_s12.tlog\cl.write.1.tlog
g:\programas mu\muservers\muemu season12\source\dataserver\dataserver_s12.tlog\link.command.1.tlog
g:\programas mu\muservers\muemu season12\source\dataserver\dataserver_s12.tlog\link.read.1.tlog
g:\programas mu\muservers\muemu season12\source\dataserver\dataserver_s12.tlog\link.write.1.tlog
g:\programas mu\muservers\muemu season12\source\dataserver\dataserver_s12.tlog\rc.command.1.tlog
g:\programas mu\muservers\muemu season12\source\dataserver\dataserver_s12.tlog\rc.read.1.tlog
g:\programas mu\muservers\muemu season12\source\dataserver\dataserver_s12.tlog\rc.write.1.tlog
