  StdAfx.cpp
  pugixml.cpp
  CQueue.cpp
  CrashDump.cpp
  DSprotocol.cpp
  DatabaseInstaller.cpp
  DelayHandler.cpp
  EDSprotocol.cpp
  Fprotocol.cpp
  ItemSerial.cpp
  LogToFile.cpp
  MD5.cpp
  MapServerManager.cpp
  Query.cpp
  ServerEngine.cpp
  Sprotocol.cpp
  TLog.cpp
  TServerInfoDisplayer.cpp
  WzUdp.cpp
  eDataServer.cpp
  giocp.cpp
  Generando código...
  Compilando...
  md5_hash.cpp
  winutil.cpp
  Generando código...
C:\Program Files (x86)\MSBuild\Microsoft.Cpp\v4.0\V140\Microsoft.CppBuild.targets(1189,5): warning MSB8012: TargetPath(G:\Programas Mu\MuServers\MuEmu Season12\Source\DataServer\.\DataServer_S12.exe) does not match the Linker's OutputFile property value (G:\Programas Mu\MuServers\MuEmu Season12\IGC.DataServer.exe). This may cause your project to build incorrectly. To correct this, please make sure that $(OutDir), $(TargetName) and $(TargetExt) property values match the value specified in %(Link.OutputFile).
C:\Program Files (x86)\MSBuild\Microsoft.Cpp\v4.0\V140\Microsoft.CppBuild.targets(1191,5): warning MSB8012: TargetName(DataServer_S12) does not match the Linker's OutputFile property value (IGC.DataServer). This may cause your project to build incorrectly. To correct this, please make sure that $(OutDir), $(TargetName) and $(TargetExt) property values match the value specified in %(Link.OutputFile).
  eDataServer.vcxproj -> G:\Programas Mu\MuServers\MuEmu Season12\Source\DataServer\.\DataServer_S12.exe
  eDataServer.vcxproj -> .\DataServer.pdb (Full PDB)
